<?xml version="1.0" encoding="UTF-8"?>
<testsuite name="Runner.Runner" time="23.761" tests="3" errors="1" skipped="0" failures="0">
  <properties>
    <property name="java.runtime.name" value="OpenJDK Runtime Environment"/>
    <property name="java.vm.version" value="16+14"/>
    <property name="sun.boot.library.path" value="/opt/homebrew/Cellar/openjdk/15.0.2/libexec/openjdk.jdk/Contents/Home/lib"/>
    <property name="maven.multiModuleProjectDirectory" value="/Users/shreyassambare/Cucumber_FrameWork_Learning"/>
    <property name="java.vm.vendor" value="Oracle Corporation"/>
    <property name="java.vendor.url" value="https://openjdk.java.net/"/>
    <property name="guice.disable.misplaced.annotation.check" value="true"/>
    <property name="path.separator" value=":"/>
    <property name="java.vm.name" value="OpenJDK 64-Bit Server VM"/>
    <property name="user.country" value="IN"/>
    <property name="sun.java.launcher" value="SUN_STANDARD"/>
    <property name="java.vm.specification.name" value="Java Virtual Machine Specification"/>
    <property name="user.dir" value="/Users/shreyassambare/Cucumber_FrameWork_Learning"/>
    <property name="java.vm.compressedOopsMode" value="Zero based"/>
    <property name="java.runtime.version" value="16+14"/>
    <property name="os.arch" value="aarch64"/>
    <property name="java.io.tmpdir" value="/var/folders/7v/lvzqjczx2xn67lss1dgchd600000gn/T/"/>
    <property name="line.separator" value="&#10;"/>
    <property name="java.vm.specification.vendor" value="Oracle Corporation"/>
    <property name="os.name" value="Mac OS X"/>
    <property name="classworlds.conf" value="/opt/homebrew/Cellar/maven/3.8.1/libexec/bin/m2.conf"/>
    <property name="sun.jnu.encoding" value="UTF-8"/>
    <property name="java.library.path" value="/Users/shreyassambare/Library/Java/Extensions:/Library/Java/Extensions:/Network/Library/Java/Extensions:/System/Library/Java/Extensions:/usr/lib/java:."/>
    <property name="maven.conf" value="/opt/homebrew/Cellar/maven/3.8.1/libexec/conf"/>
    <property name="jdk.debug" value="release"/>
    <property name="java.class.version" value="60.0"/>
    <property name="java.specification.name" value="Java Platform API Specification"/>
    <property name="sun.management.compiler" value="HotSpot 64-Bit Tiered Compilers"/>
    <property name="os.version" value="11.2.2"/>
    <property name="library.jansi.path" value="/opt/homebrew/Cellar/maven/3.8.1/libexec/lib/jansi-native"/>
    <property name="http.nonProxyHosts" value="local|*.local|169.254/16|*.169.254/16"/>
    <property name="user.home" value="/Users/shreyassambare"/>
    <property name="user.timezone" value="Asia/Kolkata"/>
    <property name="file.encoding" value="UTF-8"/>
    <property name="java.specification.version" value="16"/>
    <property name="user.name" value="shreyassambare"/>
    <property name="java.class.path" value="/opt/homebrew/Cellar/maven/3.8.1/libexec/boot/plexus-classworlds-2.6.0.jar"/>
    <property name="java.vm.specification.version" value="16"/>
    <property name="sun.arch.data.model" value="64"/>
    <property name="sun.java.command" value="org.codehaus.plexus.classworlds.launcher.Launcher clean install test"/>
    <property name="java.home" value="/opt/homebrew/Cellar/openjdk/15.0.2/libexec/openjdk.jdk/Contents/Home"/>
    <property name="user.language" value="en"/>
    <property name="java.specification.vendor" value="Oracle Corporation"/>
    <property name="java.vm.info" value="mixed mode"/>
    <property name="java.version" value="16"/>
    <property name="java.vendor" value="N/A"/>
    <property name="maven.home" value="/opt/homebrew/Cellar/maven/3.8.1/libexec"/>
    <property name="file.separator" value="/"/>
    <property name="java.version.date" value="2021-03-16"/>
    <property name="java.vendor.url.bug" value="https://bugreport.java.com/bugreport/"/>
    <property name="sun.io.unicode.encoding" value="UnicodeBig"/>
    <property name="sun.cpu.endian" value="little"/>
    <property name="socksNonProxyHosts" value="local|*.local|169.254/16|*.169.254/16"/>
    <property name="ftp.nonProxyHosts" value="local|*.local|169.254/16|*.169.254/16"/>
  </properties>
  <testcase name="Verification of Reset button" classname="Functionality on login page of Application" time="7.34"/>
  <testcase name="Verification Of Submit button" classname="Functionality on login page of Application" time="9.542"/>
  <testcase name="Login with Invalid Credentials" classname="Functionality on login page of Application" time="6.879">
    <error message="The step &apos;User logs in using Username as “USER1” and Password “PASSWORD1”&apos; and 2 other step(s) are undefined.&#10;You can implement these steps using the snippet(s) below:&#10;&#10;@When(&quot;User logs in using Username as “USER1” and Password “PASSWORD1”&quot;)&#10;public void user_logs_in_using_username_as_user1_and_password_password1() {&#10;    // Write code here that turns the phrase above into concrete actions&#10;    throw new io.cucumber.java.PendingException();&#10;}&#10;When(&quot;User logs in using Username as “USER1” and Password “PASSWORD1”&quot;, () -&gt; {&#10;    // Write code here that turns the phrase above into concrete actions&#10;    throw new io.cucumber.java8.PendingException();&#10;});&#10;@Then(&quot;error message Alert will be popup&quot;)&#10;public void error_message_alert_will_be_popup() {&#10;    // Write code here that turns the phrase above into concrete actions&#10;    throw new io.cucumber.java.PendingException();&#10;}&#10;Then(&quot;error message Alert will be popup&quot;, () -&gt; {&#10;    // Write code here that turns the phrase above into concrete actions&#10;    throw new io.cucumber.java8.PendingException();&#10;});&#10;@Then(&quot;Click on OK button&quot;)&#10;public void click_on_ok_button() {&#10;    // Write code here that turns the phrase above into concrete actions&#10;    throw new io.cucumber.java.PendingException();&#10;}&#10;Then(&quot;Click on OK button&quot;, () -&gt; {&#10;    // Write code here that turns the phrase above into concrete actions&#10;    throw new io.cucumber.java8.PendingException();&#10;});&#10;" type="io.cucumber.junit.UndefinedStepException">io.cucumber.junit.UndefinedStepException: The step 'User logs in using Username as “USER1” and Password “PASSWORD1”' and 2 other step(s) are undefined.
You can implement these steps using the snippet(s) below:

@When("User logs in using Username as “USER1” and Password “PASSWORD1”")
public void user_logs_in_using_username_as_user1_and_password_password1() {
    // Write code here that turns the phrase above into concrete actions
    throw new io.cucumber.java.PendingException();
}
When("User logs in using Username as “USER1” and Password “PASSWORD1”", () -> {
    // Write code here that turns the phrase above into concrete actions
    throw new io.cucumber.java8.PendingException();
});
@Then("error message Alert will be popup")
public void error_message_alert_will_be_popup() {
    // Write code here that turns the phrase above into concrete actions
    throw new io.cucumber.java.PendingException();
}
Then("error message Alert will be popup", () -> {
    // Write code here that turns the phrase above into concrete actions
    throw new io.cucumber.java8.PendingException();
});
@Then("Click on OK button")
public void click_on_ok_button() {
    // Write code here that turns the phrase above into concrete actions
    throw new io.cucumber.java.PendingException();
}
Then("Click on OK button", () -> {
    // Write code here that turns the phrase above into concrete actions
    throw new io.cucumber.java8.PendingException();
});

</error>
    <system-err><![CDATA[Starting ChromeDriver 90.0.4430.24 (4c6d850f087da467d926e8eddb76550aed655991-refs/branch-heads/4430@{#429}) on port 15326
Only local connections are allowed.
Please see https://chromedriver.chromium.org/security-considerations for suggestions on keeping ChromeDriver safe.
ChromeDriver was started successfully.
[1620490438.460][WARNING]: Deprecated chrome option is ignored: useAutomationExtension
[1620490438.460][WARNING]: Deprecated chrome option is ignored: useAutomationExtension
May 08, 2021 9:44:00 PM org.openqa.selenium.remote.ProtocolHandshake createSession
INFO: Detected dialect: W3C
]]></system-err>
  </testcase>
</testsuite>